[12/8/2024 3:15:44 PM] [ERROR] mysql_connect: handle error: no username specified
[12/8/2024 3:15:44 PM] [ERROR] mysql_errno: invalid connection handle '0'
[12/8/2024 3:25:58 PM] [ERROR] mysql_connect: handle error: no username specified
[12/8/2024 3:25:58 PM] [ERROR] mysql_errno: invalid connection handle '0'
[12/8/2024 3:26:51 PM] [ERROR] mysql_connect: handle error: no username specified
[12/8/2024 3:26:51 PM] [ERROR] mysql_errno: invalid connection handle '0'
[12/8/2024 3:27:39 PM] [ERROR] mysql_connect: handle error: no username specified
[12/8/2024 3:27:39 PM] [ERROR] mysql_errno: invalid connection handle '0'
[12/8/2024 3:28:15 PM] [ERROR] mysql_connect: handle error: no username specified
[12/8/2024 3:28:15 PM] [ERROR] mysql_errno: invalid connection handle '0'
[12/8/2024 3:28:49 PM] [ERROR] mysql_connect: handle error: no username specified
[12/8/2024 3:28:49 PM] [ERROR] mysql_errno: invalid connection handle '0'
[12/8/2024 3:29:12 PM] [WARNING] mysql_connect: no password specified
[12/8/2024 3:29:12 PM] [ERROR] CConnection::CConnection - establishing connection to MySQL database failed: #1045 'Access denied for user 'admin'@'localhost' (using password: NO)'
[12/8/2024 3:29:12 PM] [ERROR] CConnection::CConnection - establishing connection to MySQL database failed: #1045 'Access denied for user 'admin'@'localhost' (using password: NO)'
[12/8/2024 3:29:12 PM] [ERROR] CConnection::CConnection - establishing connection to MySQL database failed: #1045 'Access denied for user 'admin'@'localhost' (using password: NO)'
[12/8/2024 3:29:12 PM] [ERROR] CConnection::CConnection - establishing connection to MySQL database failed: #1045 'Access denied for user 'admin'@'localhost' (using password: NO)'
[12/8/2024 3:29:23 PM] [WARNING] mysql_connect: no password specified
[12/8/2024 3:29:23 PM] [ERROR] CConnection::CConnection - establishing connection to MySQL database failed: #1045 'Access denied for user 'admin'@'localhost' (using password: NO)'
[12/8/2024 3:29:23 PM] [ERROR] CConnection::CConnection - establishing connection to MySQL database failed: #1045 'Access denied for user 'admin'@'localhost' (using password: NO)'
[12/8/2024 3:29:23 PM] [ERROR] CConnection::CConnection - establishing connection to MySQL database failed: #1045 'Access denied for user 'admin'@'localhost' (using password: NO)'
[12/8/2024 3:29:23 PM] [ERROR] CConnection::CConnection - establishing connection to MySQL database failed: #1045 'Access denied for user 'admin'@'localhost' (using password: NO)'
[12/8/2024 3:30:10 PM] [WARNING] mysql_connect: no password specified
[12/8/2024 3:41:09 PM] [ERROR] mysql_errno: invalid connection handle '0'
[12/8/2024 4:13:12 PM] [WARNING] mysql_connect: no password specified
[12/8/2024 4:13:33 PM] [ERROR] mysql_errno: invalid connection handle '0'
[12/8/2024 4:16:10 PM] [WARNING] mysql_connect: no password specified
[12/8/2024 4:16:28 PM] [ERROR] mysql_errno: invalid connection handle '0'
[12/8/2024 4:27:41 PM] [WARNING] mysql_connect: no password specified
[12/8/2024 4:28:05 PM] [ERROR] mysql_errno: invalid connection handle '0'
[12/8/2024 4:44:46 PM] [WARNING] mysql_connect: no password specified
[12/8/2024 4:53:18 PM] [WARNING] mysql_connect: no password specified
[12/8/2024 4:56:24 PM] [WARNING] mysql_connect: no password specified
[12/8/2024 4:56:24 PM] [WARNING] duplicate connection detected: handle id 1 already exists with host = '127.0.0.1', username = 'root' and database = 'data'
[12/8/2024 5:49:46 PM] [WARNING] mysql_connect: no password specified
[12/8/2024 5:49:46 PM] [ERROR] mysql_errno: invalid connection handle '0'
[12/8/2024 5:49:58 PM] [WARNING] mysql_connect: no password specified
[12/8/2024 5:49:58 PM] [ERROR] mysql_errno: invalid connection handle '0'
[12/8/2024 5:51:41 PM] [WARNING] mysql_connect: no password specified
[12/8/2024 5:51:41 PM] [ERROR] mysql_errno: invalid connection handle '0'
[12/8/2024 5:52:43 PM] [WARNING] mysql_connect: no password specified
[12/8/2024 5:52:43 PM] [ERROR] mysql_errno: invalid connection handle '0'
[12/8/2024 5:52:56 PM] [WARNING] mysql_connect: no password specified
[12/8/2024 5:53:01 PM] [ERROR] error #1054 while executing query "SELECT ID, Nome WHERE Nome = 'Felipe_'": Unknown column 'ID' in 'field list'
[12/8/2024 5:53:36 PM] [WARNING] mysql_connect: no password specified
[12/8/2024 5:53:55 PM] [ERROR] error #1054 while executing query "SELECT ID, Nome WHERE Nome = 'Felipe_'": Unknown column 'ID' in 'field list'
[12/8/2024 5:55:18 PM] [WARNING] mysql_connect: no password specified
[12/8/2024 5:56:58 PM] [ERROR] error #1054 while executing query "SELECT ID, Nome WHERE Nome = 'Felipe_'": Unknown column 'ID' in 'field list'
[12/8/2024 5:57:49 PM] [WARNING] mysql_connect: no password specified
[12/8/2024 6:02:05 PM] [WARNING] mysql_connect: no password specified
[12/8/2024 6:03:54 PM] [WARNING] mysql_connect: no password specified
[12/8/2024 6:05:15 PM] [WARNING] mysql_connect: no password specified
[12/8/2024 6:07:42 PM] [WARNING] mysql_connect: no password specified
[12/8/2024 6:30:40 PM] [WARNING] mysql_connect: no password specified
[12/8/2024 6:40:40 PM] [WARNING] mysql_connect: no password specified
[12/8/2024 6:50:11 PM] [WARNING] mysql_connect: no password specified
[12/8/2024 6:51:12 PM] [ERROR] cache_get_value_name: field 'Hash' not found
[12/8/2024 6:54:59 PM] [WARNING] mysql_connect: no password specified
[12/8/2024 6:55:32 PM] [ERROR] mysql_format: no value for specifier '%i' passed
[12/8/2024 6:57:25 PM] [WARNING] mysql_connect: no password specified
[12/8/2024 6:58:18 PM] [ERROR] cache_get_value_name: field 'Hash' not found
[12/8/2024 7:01:56 PM] [WARNING] mysql_connect: no password specified
[12/8/2024 7:03:57 PM] [WARNING] mysql_connect: no password specified
[12/8/2024 7:06:05 PM] [WARNING] mysql_connect: no password specified
[12/8/2024 7:08:37 PM] [WARNING] mysql_connect: no password specified
[12/8/2024 7:11:36 PM] [WARNING] mysql_connect: no password specified
[12/8/2024 7:12:36 PM] [ERROR] cache_get_value_name: field 'Hash' not found
[12/8/2024 7:21:15 PM] [WARNING] mysql_connect: no password specified
[12/8/2024 7:23:39 PM] [WARNING] mysql_connect: no password specified
[12/8/2024 7:25:44 PM] [WARNING] mysql_connect: no password specified
[12/8/2024 7:26:27 PM] [WARNING] mysql_connect: no password specified
[12/8/2024 7:35:43 PM] [WARNING] mysql_connect: no password specified
[12/8/2024 7:37:39 PM] [WARNING] mysql_connect: no password specified
[12/8/2024 7:39:06 PM] [WARNING] mysql_connect: no password specified
[12/8/2024 7:42:47 PM] [WARNING] mysql_connect: no password specified
[12/8/2024 7:46:02 PM] [WARNING] mysql_connect: no password specified
[12/8/2024 7:49:29 PM] [WARNING] mysql_connect: no password specified
[12/8/2024 7:55:28 PM] [WARNING] mysql_connect: no password specified
[12/8/2024 7:56:35 PM] [WARNING] mysql_connect: no password specified
[12/8/2024 7:59:35 PM] [WARNING] mysql_connect: no password specified
[12/8/2024 8:00:27 PM] [WARNING] mysql_connect: no password specified
